<?xml version="1.0" encoding="UTF-8"?>
<!-- Generated by org.testng.reporters.JUnitReportReporter -->
<testsuite hostname="MORGAN-QA7L" failures="0" tests="1" name="testNG.GoogleTest" time="6.982" errors="0" timestamp="2023-09-14T23:28:11 IST" skipped="0">
  <testcase classname="testNG.GoogleTest" name="testGoogleSearchBar" time="6.982"/>
</testsuite> <!-- testNG.GoogleTest -->
